0 info it worked if it ends with ok
1 verbose cli [ '/home/likewise-open/HTCINDIA/poovarasanv/node-v4.4.0-linux-x64/bin/node',
1 verbose cli   '/home/likewise-open/HTCINDIA/poovarasanv/node-v4.4.0-linux-x64/bin/npm',
1 verbose cli   'install',
1 verbose cli   'vModal' ]
2 info using npm@2.14.20
3 info using node@v4.4.0
4 verbose install initial load of /var/www/html/adminLTE/package.json
5 verbose installManyTop reading scoped package data from /var/www/html/adminLTE/node_modules/admin-lte/package.json
6 verbose installManyTop reading scoped package data from /var/www/html/adminLTE/node_modules/angular/package.json
7 verbose installManyTop reading scoped package data from /var/www/html/adminLTE/node_modules/angular-tooltips/package.json
8 verbose installManyTop reading scoped package data from /var/www/html/adminLTE/node_modules/angular-wizard/package.json
9 verbose installManyTop reading scoped package data from /var/www/html/adminLTE/node_modules/myscript/package.json
10 verbose installManyTop reading scoped package data from /var/www/html/adminLTE/node_modules/ng-dialog/package.json
11 verbose readDependencies loading dependencies from /var/www/html/adminLTE/package.json
12 silly cache add args [ 'vModal', null ]
13 verbose cache add spec vModal
14 silly cache add parsed spec Result {
14 silly cache add   raw: 'vModal',
14 silly cache add   scope: null,
14 silly cache add   name: 'vModal',
14 silly cache add   rawSpec: '',
14 silly cache add   spec: 'latest',
14 silly cache add   type: 'tag' }
15 silly addNamed vModal@latest
16 verbose addNamed "latest" is being treated as a dist-tag for vModal
17 info addNameTag [ 'vModal', 'latest' ]
18 silly mapToRegistry name vModal
19 silly mapToRegistry using default registry
20 silly mapToRegistry registry https://registry.npmjs.org/
21 silly mapToRegistry uri https://registry.npmjs.org/vModal
22 verbose addNameTag registry:https://registry.npmjs.org/vModal not in flight; fetching
23 verbose request uri https://registry.npmjs.org/vModal
24 verbose request no auth needed
25 info attempt registry request try #1 at 3:00:48 PM
26 verbose request id 18aae80be500c8b6
27 http request GET https://registry.npmjs.org/vModal
28 http 404 https://registry.npmjs.org/vModal
29 verbose headers { 'content-type': 'application/json',
29 verbose headers   'cache-control': 'max-age=0',
29 verbose headers   'content-length': '2',
29 verbose headers   'accept-ranges': 'bytes',
29 verbose headers   date: 'Thu, 24 Mar 2016 09:30:49 GMT',
29 verbose headers   via: '1.1 varnish',
29 verbose headers   age: '0',
29 verbose headers   connection: 'close',
29 verbose headers   'x-served-by': 'cache-dfw1842-DFW',
29 verbose headers   'x-cache': 'MISS',
29 verbose headers   'x-cache-hits': '0',
29 verbose headers   'x-timer': 'S1458811849.617577,VS0,VE256' }
30 silly get cb [ 404,
30 silly get   { 'content-type': 'application/json',
30 silly get     'cache-control': 'max-age=0',
30 silly get     'content-length': '2',
30 silly get     'accept-ranges': 'bytes',
30 silly get     date: 'Thu, 24 Mar 2016 09:30:49 GMT',
30 silly get     via: '1.1 varnish',
30 silly get     age: '0',
30 silly get     connection: 'close',
30 silly get     'x-served-by': 'cache-dfw1842-DFW',
30 silly get     'x-cache': 'MISS',
30 silly get     'x-cache-hits': '0',
30 silly get     'x-timer': 'S1458811849.617577,VS0,VE256' } ]
31 verbose stack Error: Registry returned 404 for GET on https://registry.npmjs.org/vModal
31 verbose stack     at makeError (/home/likewise-open/HTCINDIA/poovarasanv/node-v4.4.0-linux-x64/lib/node_modules/npm/node_modules/npm-registry-client/lib/request.js:264:12)
31 verbose stack     at CachingRegistryClient.<anonymous> (/home/likewise-open/HTCINDIA/poovarasanv/node-v4.4.0-linux-x64/lib/node_modules/npm/node_modules/npm-registry-client/lib/request.js:242:14)
31 verbose stack     at Request._callback (/home/likewise-open/HTCINDIA/poovarasanv/node-v4.4.0-linux-x64/lib/node_modules/npm/node_modules/npm-registry-client/lib/request.js:172:14)
31 verbose stack     at Request.self.callback (/home/likewise-open/HTCINDIA/poovarasanv/node-v4.4.0-linux-x64/lib/node_modules/npm/node_modules/request/request.js:199:22)
31 verbose stack     at emitTwo (events.js:87:13)
31 verbose stack     at Request.emit (events.js:172:7)
31 verbose stack     at Request.<anonymous> (/home/likewise-open/HTCINDIA/poovarasanv/node-v4.4.0-linux-x64/lib/node_modules/npm/node_modules/request/request.js:1036:10)
31 verbose stack     at emitOne (events.js:82:20)
31 verbose stack     at Request.emit (events.js:169:7)
31 verbose stack     at IncomingMessage.<anonymous> (/home/likewise-open/HTCINDIA/poovarasanv/node-v4.4.0-linux-x64/lib/node_modules/npm/node_modules/request/request.js:963:12)
32 verbose statusCode 404
33 verbose pkgid vModal
34 verbose cwd /var/www/html/adminLTE
35 error Linux 3.8.0-44-generic
36 error argv "/home/likewise-open/HTCINDIA/poovarasanv/node-v4.4.0-linux-x64/bin/node" "/home/likewise-open/HTCINDIA/poovarasanv/node-v4.4.0-linux-x64/bin/npm" "install" "vModal"
37 error node v4.4.0
38 error npm  v2.14.20
39 error code E404
40 error 404 Registry returned 404 for GET on https://registry.npmjs.org/vModal
40 error 404
40 error 404 'vModal' is not in the npm registry.
40 error 404 Your package name is not valid, because
40 error 404
40 error 404  1. name can no longer contain capital letters
40 error 404
40 error 404 Note that you can also install from a
40 error 404 tarball, folder, http url, or git url.
41 verbose exit [ 1, true ]
